{"asctime": "2022-07-31 16:49:48,463", "name": "ROS + LogReg", "levelname": "INFO", "message": "{'magnitude': {'rows': 284807, 'non_fraud': 284315, 'fraud': 492}, 'percentage': {'non_fraud': 99.82725143693798, 'fraud': 0.1727485630620034}}"}
{"asctime": "2022-07-31 16:49:49,524", "name": "ROS + LogReg", "levelname": "INFO", "message": "{'magnitude': {'rows': 568630, 'non_fraud': 284315, 'fraud': 284315}, 'percentage': {'non_fraud': 50.0, 'fraud': 50.0}}"}
{"asctime": "2022-07-31 16:49:50,254", "name": "ROS + LogReg", "levelname": "INFO", "message": "{'magnitude': {'rows': 190820, 'non_fraud': 190477, 'fraud': 343}, 'percentage': {'non_fraud': 99.82024944974322, 'fraud': 0.1797505502567865}}"}
{"asctime": "2022-07-31 16:49:50,260", "name": "ROS + LogReg", "levelname": "INFO", "message": "{'magnitude': {'rows': 93987, 'non_fraud': 93838, 'fraud': 149}, 'percentage': {'non_fraud': 99.84146743698597, 'fraud': 0.15853256301403387}}"}
{"asctime": "2022-07-31 16:49:50,271", "name": "ROS + LogReg", "levelname": "INFO", "message": "{'magnitude': {'rows': 380982, 'non_fraud': 190540, 'fraud': 190442}, 'percentage': {'non_fraud': 50.01286150001837, 'fraud': 49.987138499981626}}"}
{"asctime": "2022-07-31 16:49:50,277", "name": "ROS + LogReg", "levelname": "INFO", "message": "{'magnitude': {'rows': 187648, 'non_fraud': 93775, 'fraud': 93873}, 'percentage': {'non_fraud': 49.97388727830832, 'fraud': 50.026112721691675}}"}
{"asctime": "2022-07-31 16:50:34,490", "name": "ROS + LogReg", "levelname": "INFO", "message": "{'f_score': 0.7031249999999999, 'recall': 0.6040268456375839, 'precision': 0.8411214953271028, 'g_mean': 0.7127832515010419, 'roc_auc_score': 0.801922841178092}"}
{"asctime": "2022-07-31 16:50:34,684", "name": "ROS + LogReg", "levelname": "INFO", "message": "{'f_score': 0.9365765568567364, 'recall': 0.9116039755840337, 'precision': 0.9629558778849292, 'g_mean': 0.9369281757914609, 'roc_auc_score': 0.9382493351660505}"}
{"asctime": "2022-07-31 16:50:34,685", "name": "ROS + LogReg", "levelname": "INFO", "message": "{'f_score': {'basic_points': 0.23345155685673646, 'percentage': 0.33201999197402526}, 'precision': {'basic_points': 0.12183438255782642, 'percentage': 0.14484754370763808}, 'recall': {'basic_points': 0.3075771299464498, 'percentage': 0.509211026244678}, 'g_mean': {'basic_points': 0.224144924290419, 'percentage': 0.3144643533898907}, 'roc_auc_score': {'basic_points': 0.13632649398795849, 'percentage': 0.16999951490056503}}"}
{"asctime": "2022-07-31 16:50:34,717", "name": "RUS + LogReg", "levelname": "INFO", "message": "{'magnitude': {'rows': 284807, 'non_fraud': 284315, 'fraud': 492}, 'percentage': {'non_fraud': 99.82725143693798, 'fraud': 0.1727485630620034}}"}
{"asctime": "2022-07-31 16:50:34,774", "name": "RUS + LogReg", "levelname": "INFO", "message": "{'magnitude': {'rows': 984, 'non_fraud': 492, 'fraud': 492}, 'percentage': {'non_fraud': 50.0, 'fraud': 50.0}}"}
{"asctime": "2022-07-31 16:50:34,850", "name": "RUS + LogReg", "levelname": "INFO", "message": "{'magnitude': {'rows': 190820, 'non_fraud': 190477, 'fraud': 343}, 'percentage': {'non_fraud': 99.82024944974322, 'fraud': 0.1797505502567865}}"}
{"asctime": "2022-07-31 16:50:34,856", "name": "RUS + LogReg", "levelname": "INFO", "message": "{'magnitude': {'rows': 93987, 'non_fraud': 93838, 'fraud': 149}, 'percentage': {'non_fraud': 99.84146743698597, 'fraud': 0.15853256301403387}}"}
{"asctime": "2022-07-31 16:50:34,859", "name": "RUS + LogReg", "levelname": "INFO", "message": "{'magnitude': {'rows': 659, 'non_fraud': 328, 'fraud': 331}, 'percentage': {'non_fraud': 49.77238239757208, 'fraud': 50.22761760242792}}"}
{"asctime": "2022-07-31 16:50:34,861", "name": "RUS + LogReg", "levelname": "INFO", "message": "{'magnitude': {'rows': 325, 'non_fraud': 164, 'fraud': 161}, 'percentage': {'non_fraud': 50.46153846153846, 'fraud': 49.53846153846154}}"}
{"asctime": "2022-07-31 16:50:58,712", "name": "RUS + LogReg", "levelname": "INFO", "message": "{'f_score': 0.7031249999999999, 'recall': 0.6040268456375839, 'precision': 0.8411214953271028, 'g_mean': 0.7127832515010419, 'roc_auc_score': 0.801922841178092}"}
{"asctime": "2022-07-31 16:50:58,720", "name": "RUS + LogReg", "levelname": "INFO", "message": "{'f_score': 0.9299363057324841, 'recall': 0.906832298136646, 'precision': 0.954248366013072, 'g_mean': 0.9302382698775478, 'roc_auc_score': 0.9320746856536888}"}
{"asctime": "2022-07-31 16:50:58,721", "name": "RUS + LogReg", "levelname": "INFO", "message": "{'f_score': {'basic_points': 0.2268113057324842, 'percentage': 0.3225760792639776}, 'precision': {'basic_points': 0.11312687068596916, 'percentage': 0.1344952795933189}, 'recall': {'basic_points': 0.3028054524990621, 'percentage': 0.5013112491373362}, 'g_mean': {'basic_points': 0.21745501837650583, 'percentage': 0.3050787429678936}, 'roc_auc_score': {'basic_points': 0.1301518444755968, 'percentage': 0.16229970988779022}}"}
{"asctime": "2022-07-31 16:50:58,740", "name": "SMOTE + LogReg", "levelname": "INFO", "message": "{'magnitude': {'rows': 284807, 'non_fraud': 284315, 'fraud': 492}, 'percentage': {'non_fraud': 99.82725143693798, 'fraud': 0.1727485630620034}}"}
{"asctime": "2022-07-31 16:50:59,355", "name": "SMOTE + LogReg", "levelname": "INFO", "message": "{'magnitude': {'rows': 568630, 'non_fraud': 284315, 'fraud': 284315}, 'percentage': {'non_fraud': 50.0, 'fraud': 50.0}}"}
{"asctime": "2022-07-31 16:50:59,631", "name": "SMOTE + LogReg", "levelname": "INFO", "message": "{'magnitude': {'rows': 190820, 'non_fraud': 190477, 'fraud': 343}, 'percentage': {'non_fraud': 99.82024944974322, 'fraud': 0.1797505502567865}}"}
{"asctime": "2022-07-31 16:50:59,636", "name": "SMOTE + LogReg", "levelname": "INFO", "message": "{'magnitude': {'rows': 93987, 'non_fraud': 93838, 'fraud': 149}, 'percentage': {'non_fraud': 99.84146743698597, 'fraud': 0.15853256301403387}}"}
{"asctime": "2022-07-31 16:50:59,646", "name": "SMOTE + LogReg", "levelname": "INFO", "message": "{'magnitude': {'rows': 380982, 'non_fraud': 190540, 'fraud': 190442}, 'percentage': {'non_fraud': 50.01286150001837, 'fraud': 49.987138499981626}}"}
{"asctime": "2022-07-31 16:50:59,652", "name": "SMOTE + LogReg", "levelname": "INFO", "message": "{'magnitude': {'rows': 187648, 'non_fraud': 93775, 'fraud': 93873}, 'percentage': {'non_fraud': 49.97388727830832, 'fraud': 50.026112721691675}}"}
{"asctime": "2022-07-31 16:51:35,499", "name": "SMOTE + LogReg", "levelname": "INFO", "message": "{'f_score': 0.7031249999999999, 'recall': 0.6040268456375839, 'precision': 0.8411214953271028, 'g_mean': 0.7127832515010419, 'roc_auc_score': 0.801922841178092}"}
{"asctime": "2022-07-31 16:51:35,729", "name": "SMOTE + LogReg", "levelname": "INFO", "message": "{'f_score': 0.9574282671142238, 'recall': 0.9480042184653734, 'precision': 0.9670415647921761, 'g_mean': 0.9574755782025662, 'roc_auc_score': 0.9578304216827}"}
{"asctime": "2022-07-31 16:51:35,731", "name": "SMOTE + LogReg", "levelname": "INFO", "message": "{'f_score': {'basic_points': 0.2543032671142239, 'percentage': 0.36167575767356297}, 'precision': {'basic_points': 0.12592006946507328, 'percentage': 0.1497049714751427}, 'recall': {'basic_points': 0.3439773728277895, 'percentage': 0.5694736505704515}, 'g_mean': {'basic_points': 0.2446923267015243, 'percentage': 0.3432913528568882}, 'roc_auc_score': {'basic_points': 0.15590758050460807, 'percentage': 0.1944171839220426}}"}
